make all --print-data-base --no-builtin-variables --no-builtin-rules --question
make: *** No rule to make target 'all'.  Stop.

# GNU Make 4.3
# Built for x86_64-pc-linux-gnu
# Copyright (C) 1988-2020 Free Software Foundation, Inc.
# License GPLv3+: GNU GPL version 3 or later <http://gnu.org/licenses/gpl.html>
# This is free software: you are free to change and redistribute it.
# There is NO WARRANTY, to the extent permitted by law.

# Make data base, printed on Mon May 16 17:42:13 2022

# Variables

# environment
GDK_BACKEND = x11
# environment
LC_ALL = C
# environment
SDKMAN_PLATFORM = linuxx64
# environment
VSCODE_IPC_HOOK_EXTHOST = /run/user/1000/vscode-ipc-b1d89851-63d8-498b-9cbb-892c208c09f8.sock
# environment
MANDATORY_PATH = /usr/share/gconf/xfce.mandatory.path
# environment
LC_NAME = fr_FR.UTF-8
# environment
LC_NUMERIC = fr_FR.UTF-8
# environment
VSCODE_CWD = /home/nishyda
# environment
WINDOWPATH = 2
# environment
LC_ADDRESS = fr_FR.UTF-8
# default
MAKE_COMMAND := make
# environment
QT_ACCESSIBILITY = 1
# environment
GOPATH = /home/nishyda/go
# automatic
@D = $(patsubst %/,%,$(dir $@))
# environment
VSCODE_HANDLES_UNCAUGHT_ERRORS = true
# default
.VARIABLES := 
# environment
PWD = /home/nishyda/Documents/code/go/cx/cmd/packageloader
# automatic
%D = $(patsubst %/,%,$(dir $%))
# environment
XDG_DATA_DIRS = /usr/share/xfce4:/usr/share/xfce:/home/nishyda/.local/share/flatpak/exports/share:/var/lib/flatpak/exports/share:/usr/local/share/:/usr/share/:/var/lib/snapd/desktop:/usr/share
# automatic
^D = $(patsubst %/,%,$(dir $^))
# environment
VSCODE_LOG_STACK = false
# automatic
%F = $(notdir $%)
# environment
VSCODE_CODE_CACHE_PATH = /home/nishyda/.config/Code/CachedData/da15b6fd3ef856477bf6f4fb29ba1b7af717770d
# environment
LANG = C
# environment
XAUTHORITY = /run/user/1000/gdm/Xauthority
# default
.LOADED := 
# default
.INCLUDE_DIRS = /usr/local/include /usr/include /usr/include
# makefile
MAKEFLAGS = pqrR
# environment
DEVKITARM = /opt/devkitpro/devkitARM
# makefile
CURDIR := /home/nishyda/Documents/code/go/cx/cmd/packageloader
# environment
VSCODE_PIPE_LOGGING = true
# environment
APPLICATION_INSIGHTS_NO_DIAGNOSTIC_CHANNEL = 1
# environment
LESSOPEN = | /usr/bin/lesspipe %s
# automatic
*D = $(patsubst %/,%,$(dir $*))
# environment
MFLAGS = -pqrR
# environment
SSH_AUTH_SOCK = /tmp/ssh-HdKGztlyVzr3/agent.5690
# default
.SHELLFLAGS := -c
# environment
XDG_CONFIG_DIRS = /etc/xdg/xdg-xfce:/etc/xdg:/etc/xdg
# automatic
+D = $(patsubst %/,%,$(dir $+))
# environment
XDG_SESSION_DESKTOP = xfce
# makefile (from 'makefile', line 1)
MAKEFILE_LIST := makefile
# automatic
@F = $(notdir $@)
# environment
VSCODE_VERBOSE_LOGGING = true
# environment
VSCODE_PID = 49719
# environment
SDKMAN_DIR = /home/nishyda/.sdkman
# environment
XDG_SESSION_TYPE = x11
# automatic
?D = $(patsubst %/,%,$(dir $?))
# environment
DEVKITPPC = /opt/devkitpro/devkitPPC
# environment
SESSION_MANAGER = local/nishyda-ThinkPad-L470-W10DG:@/tmp/.ICE-unix/5502,unix/nishyda-ThinkPad-L470-W10DG:/tmp/.ICE-unix/5502
# automatic
*F = $(notdir $*)
# environment
SDKMAN_VERSION = 5.14.1
# environment
CHROME_DESKTOP = code-url-handler.desktop
# environment
DBUS_SESSION_BUS_ADDRESS = unix:path=/run/user/1000/bus
# automatic
<D = $(patsubst %/,%,$(dir $<))
# environment
VSCODE_NLS_CONFIG = {"locale":"en-us","availableLanguages":{},"_languagePackSupport":true}
# default
MAKE_HOST := x86_64-pc-linux-gnu
# makefile
SHELL = /bin/sh
# default
MAKECMDGOALS := all
# environment
XMODIFIERS = @im=ibus
# environment
SHLVL = 0
# environment
MAKELEVEL := 0
# default
MAKE = $(MAKE_COMMAND)
# environment
PATH = /home/nishyda/.local/bin:/home/nishyda/.sdkman/candidates/kotlin/current/bin:/opt/devkitpro/tools/bin:/home/nishyda/.local/bin:/opt/devkitpro/tools/bin:/usr/local/sbin:/usr/local/bin:/usr/sbin:/usr/bin:/sbin:/bin:/usr/games:/usr/local/games:/snap/bin:/snap/bin:/home/nishyda/.dotnet/tools:/home/nishyda/.dotnet/tools:/usr/local/go/bin:/home/nishyda/.local/bin
# default
MAKEFILES := 
# environment
LC_MONETARY = fr_FR.UTF-8
# automatic
^F = $(notdir $^)
# environment
LC_TIME = fr_FR.UTF-8
# environment
SDKMAN_CANDIDATES_DIR = /home/nishyda/.sdkman/candidates
# environment
VSCODE_LOG_NATIVE = false
# environment
USERNAME = nishyda
# environment
LC_TELEPHONE = fr_FR.UTF-8
# environment
LESSCLOSE = /usr/bin/lesspipe %s %s
# automatic
?F = $(notdir $?)
# environment
DEVKITPRO = /opt/devkitpro
# environment
XDG_SEAT = seat0
# environment
GTK_IM_MODULE = ibus
# environment
XDG_CURRENT_DESKTOP = XFCE
# environment
LS_COLORS = 
# automatic
+F = $(notdir $+)
# environment
DESKTOP_SESSION = xfce
# environment
ORIGINAL_XDG_CURRENT_DESKTOP = XFCE
# 'override' directive
GNUMAKEFLAGS := 
# environment
CLUTTER_IM_MODULE = ibus
# environment
LOGNAME = nishyda
# environment
GIO_LAUNCHED_DESKTOP_FILE = /usr/share/applications/code.desktop
# environment
XDG_VTNR = 2
# makefile
.DEFAULT_GOAL := build
# environment
SYSTEMD_EXEC_PID = 5396
# environment
DISPLAY = :0
# environment
USER = nishyda
# environment
GTK_MODULES = gail:atk-bridge
# environment
DEFAULTS_PATH = /usr/share/gconf/xfce.default.path
# default
MAKE_VERSION := 4.3
# environment
LC_MEASUREMENT = fr_FR.UTF-8
# environment
GIO_LAUNCHED_DESKTOP_FILE_PID = 49719
# environment
SSH_AGENT_PID = 5691
# environment
_ = /usr/share/code/code
# environment
LC_PAPER = fr_FR.UTF-8
# environment
XDG_RUNTIME_DIR = /run/user/1000
# environment
GOMODCACHE = /home/nishyda/go/pkg/mod
# environment
XDG_SESSION_CLASS = user
# environment
VSCODE_AMD_ENTRYPOINT = vs/workbench/api/node/extensionHostProcess
# environment
SDKMAN_CANDIDATES_API = https://api.sdkman.io/2
# environment
HOME = /home/nishyda
# environment
QT_IM_MODULE = ibus
# environment
ELECTRON_RUN_AS_NODE = 1
# environment
VSCODE_IPC_HOOK = /run/user/1000/vscode-5f03f72c-1.67.1-main.sock
# environment
XDG_SESSION_ID = 4
# environment
PANEL_GDK_CORE_DEVICE_EVENTS = 0
# environment
GOPROXY = https://proxy.golang.org,direct
# default
.RECIPEPREFIX := 
# automatic
<F = $(notdir $<)
# default
SUFFIXES := 
# environment
KOTLIN_HOME = /home/nishyda/.sdkman/candidates/kotlin/current
# default
.FEATURES := target-specific order-only second-expansion else-if shortest-stem undefine oneshell nocomment grouped-target extra-prereqs archives jobserver output-sync check-symlink load
# environment
XDG_MENU_PREFIX = xfce-
# environment
GDMSESSION = xfce
# environment
LC_IDENTIFICATION = fr_FR.UTF-8
# variable set hash-table stats:
# Load=118/1024=12%, Rehash=0, Collisions=5/148=3%

# Pattern-specific Variable Values

# No pattern-specific variable values.

# Directories

# . (device 66307, inode 9701762): 12 files, no impossibilities.

# 12 files, no impossibilities in 1 directories.

# Implicit Rules

# No implicit rules.

# Files

test_encoder:
#  Implicit rule search has not been done.
#  Modification time never checked.
#  File has not been updated.
#  recipe to execute (from 'makefile', line 11):
	go run main.go -l Test2 ./loader/test2/
	sudo rm -r ./encoder/test/
	go test ./encoder -v -coverprofile cover.out
	go tool cover -html=cover.out -o cover.html
	open cover.html

test_loader:
 
#  Implicit rule search has not been done.
#  Modification time never checked.
#  File has not been updated.
#  recipe to execute (from 'makefile', line 6):
	go test ./loader -v -coverprofile cover.out
	go tool cover -html=cover.out -o cover.html
	open cover.html

# Not a target:
.DEFAULT:
#  Implicit rule search has not been done.
#  Modification time never checked.
#  File has not been updated.

# Not a target:
all:
#  Command line target.
#  Implicit rule search has been done.
#  File does not exist.
#  File has not been updated.

build:
#  Implicit rule search has not been done.
#  Modification time never checked.
#  File has not been updated.
#  recipe to execute (from 'makefile', line 3):
	go build -o packageloader

# Not a target:
makefile:
#  Implicit rule search has been done.
#  Last modified 2022-05-15 18:40:32.479134282
#  File has been updated.
#  Successfully updated.

# files hash-table stats:
# Load=7/1024=1%, Rehash=0, Collisions=0/17=0%
# VPATH Search Paths

# No 'vpath' search paths.

# No general ('VPATH' variable) search path.

# strcache buffers: 1 (0) / strings = 20 / storage = 186 B / avg = 9 B
# current buf: size = 8162 B / used = 186 B / count = 20 / avg = 9 B

# strcache performance: lookups = 27 / hit rate = 25%
# hash-table stats:
# Load=20/8192=0%, Rehash=0, Collisions=0/27=0%
# Finished Make data base on Mon May 16 17:42:13 2022

 
