make all --print-data-base --no-builtin-variables --no-builtin-rules --question
make: *** No rule to make target 'all'.  Stop.

# GNU Make 4.3
# Built for x86_64-pc-linux-gnu
# Copyright (C) 1988-2020 Free Software Foundation, Inc.
# License GPLv3+: GNU GPL version 3 or later <http://gnu.org/licenses/gpl.html>
# This is free software: you are free to change and redistribute it.
# There is NO WARRANTY, to the extent permitted by law.

# Make data base, printed on Mon May 16 09:12:42 2022

# Variables

# makefile (from 'Makefile', line 1)
GO111MODULE = on
# environment
GDK_BACKEND = x11
# environment
LC_ALL = C
# environment
GNOME_SHELL_SESSION_MODE = ubuntu
# environment
SDKMAN_PLATFORM = linuxx64
# environment
SSH_AGENT_LAUNCHER = gnome-keyring
# environment
GJS_DEBUG_OUTPUT = stderr
# environment
VSCODE_IPC_HOOK_EXTHOST = /run/user/1000/vscode-ipc-44606a95-1489-4ec2-88a8-982ac04c98a8.sock
# environment
LC_NAME = fr_FR.UTF-8
# environment
LC_NUMERIC = fr_FR.UTF-8
# environment
VSCODE_CWD = /home/nishyda
# environment
LC_ADDRESS = fr_FR.UTF-8
# default
MAKE_COMMAND := make
# environment
QT_ACCESSIBILITY = 1
# makefile (from 'Makefile', line 51)
GOPATH := /home/nishyda/go
# automatic
@D = $(patsubst %/,%,$(dir $@))
# makefile (from 'Makefile', line 48)
LOCAL_GOPATH := /home/nishyda/go
# environment
VSCODE_HANDLES_UNCAUGHT_ERRORS = true
# makefile (from 'Makefile', line 14)
CXVERSION := 
# default
.VARIABLES := 
# makefile (from 'Makefile', line 8)
PWD := /home/nishyda/Documents/code/go/cx
# makefile (from 'Makefile', line 58)
GO_OPTS = -mod=vendor
# automatic
%D = $(patsubst %/,%,$(dir $%))
# makefile (from 'Makefile', line 18)
SUBSYSTEM := LINUX
# environment
XDG_DATA_DIRS = /usr/share/ubuntu:/home/nishyda/.local/share/flatpak/exports/share:/var/lib/flatpak/exports/share:/usr/local/share/:/usr/share/:/var/lib/snapd/desktop
# automatic
^D = $(patsubst %/,%,$(dir $^))
# environment
VSCODE_LOG_STACK = false
# automatic
%F = $(notdir $%)
# environment
VSCODE_CODE_CACHE_PATH = /home/nishyda/.config/Code/CachedData/da15b6fd3ef856477bf6f4fb29ba1b7af717770d
# makefile (from 'Makefile', line 63)
CX_PATH := /home/nishyda/cx
# environment
LANG = C
# environment
XAUTHORITY = /run/user/1000/.mutter-Xwaylandauth.MYZCM1
# default
.LOADED := 
# default
.INCLUDE_DIRS = /usr/local/include /usr/include /usr/include
# makefile
MAKEFLAGS = pqrR
# environment
DEVKITARM = /opt/devkitpro/devkitARM
# makefile
CURDIR := /home/nishyda/Documents/code/go/cx
# environment
VSCODE_PIPE_LOGGING = true
# environment
APPLICATION_INSIGHTS_NO_DIAGNOSTIC_CHANNEL = 1
# environment
LESSOPEN = | /usr/bin/lesspipe %s
# automatic
*D = $(patsubst %/,%,$(dir $*))
# environment
MFLAGS = -pqrR
# environment
SSH_AUTH_SOCK = /run/user/1000/keyring/ssh
# default
.SHELLFLAGS := -c
# environment
WAYLAND_DISPLAY = wayland-0
# environment
XDG_CONFIG_DIRS = /etc/xdg/xdg-ubuntu:/etc/xdg
# automatic
+D = $(patsubst %/,%,$(dir $+))
# environment
XDG_SESSION_DESKTOP = ubuntu
# makefile (from 'Makefile', line 1)
MAKEFILE_LIST := Makefile
# automatic
@F = $(notdir $@)
# environment
VSCODE_VERBOSE_LOGGING = true
# environment
VSCODE_PID = 9184
# environment
SDKMAN_DIR = /home/nishyda/.sdkman
# environment
XDG_SESSION_TYPE = wayland
# automatic
?D = $(patsubst %/,%,$(dir $?))
# environment
DEVKITPPC = /opt/devkitpro/devkitPPC
# makefile (from 'Makefile', line 9)
PTR := ptr32
# environment
SESSION_MANAGER = local/nishyda-ThinkPad-L470-W10DG:@/tmp/.ICE-unix/961,unix/nishyda-ThinkPad-L470-W10DG:/tmp/.ICE-unix/961
# automatic
*F = $(notdir $*)
# environment
SDKMAN_VERSION = 5.14.1
# makefile (from 'Makefile', line 47)
GLOBAL_GOPATH := /home/nishyda/go
# environment
CHROME_DESKTOP = code-url-handler.desktop
# environment
DBUS_SESSION_BUS_ADDRESS = unix:path=/run/user/1000/bus
# automatic
<D = $(patsubst %/,%,$(dir $<))
# makefile (from 'Makefile', line 17)
PLATFORM := LINUX
# environment
VSCODE_NLS_CONFIG = {"locale":"en-us","availableLanguages":{},"_languagePackSupport":true}
# default
MAKE_HOST := x86_64-pc-linux-gnu
# environment
GNOME_DESKTOP_SESSION_ID = this-is-deprecated
# makefile
SHELL = /bin/sh
# default
MAKECMDGOALS := all
# environment
XMODIFIERS = @im=ibus
# environment
GJS_DEBUG_TOPICS = JS ERROR;JS LOG
# environment
SHLVL = 0
# environment
MAKELEVEL := 0
# environment
IM_CONFIG_CHECK_ENV = 1
# default
MAKE = $(MAKE_COMMAND)
# environment
PATH = /home/nishyda/.local/bin:/home/nishyda/.sdkman/candidates/kotlin/current/bin:/opt/devkitpro/tools/bin:/home/nishyda/.local/bin:/opt/devkitpro/tools/bin:/usr/local/sbin:/usr/local/bin:/usr/sbin:/usr/bin:/sbin:/bin:/usr/games:/usr/local/games:/snap/bin:/snap/bin:/home/nishyda/.dotnet/tools:/home/nishyda/.dotnet/tools:/usr/local/go/bin:/home/nishyda/.local/bin
# default
MAKEFILES := 
# environment
LC_MONETARY = fr_FR.UTF-8
# automatic
^F = $(notdir $^)
# environment
LC_TIME = fr_FR.UTF-8
# environment
SDKMAN_CANDIDATES_DIR = /home/nishyda/.sdkman/candidates
# environment
INVOCATION_ID = 05f3e9857f544e289e7ea1f9675836c7
# environment
VSCODE_LOG_NATIVE = false
# environment
USERNAME = nishyda
# environment
GNOME_SETUP_DISPLAY = :1
# environment
LC_TELEPHONE = fr_FR.UTF-8
# environment
LESSCLOSE = /usr/bin/lesspipe %s %s
# automatic
?F = $(notdir $?)
# environment
DEVKITPRO = /opt/devkitpro
# makefile (from 'Makefile', line 56)
GOLANGCI_LINT_VERSION = latest
# environment
XDG_CURRENT_DESKTOP = Unity
# makefile (from 'Makefile', line 12)
UNAME_S := Linux
# environment
LS_COLORS = 
# automatic
+F = $(notdir $+)
# environment
DESKTOP_SESSION = ubuntu
# environment
ORIGINAL_XDG_CURRENT_DESKTOP = ubuntu:GNOME
# 'override' directive
GNUMAKEFLAGS := 
# environment
LOGNAME = nishyda
# environment
GIO_LAUNCHED_DESKTOP_FILE = /usr/share/applications/code.desktop
# makefile (from 'Makefile', line 3)
.DEFAULT_GOAL := help
# environment
SYSTEMD_EXEC_PID = 985
# makefile (from 'Makefile', line 19)
PACKAGES := PGK_NAMES_LINUX
# makefile (from 'Makefile', line 20)
DISPLAY := :99.0
# environment
USER = nishyda
# environment
GTK_MODULES = gail:atk-bridge
# default
MAKE_VERSION := 4.3
# 'override' directive
.SHELLSTATUS := 127
# environment
MANAGERPID = 862
# environment
LC_MEASUREMENT = fr_FR.UTF-8
# environment
GIO_LAUNCHED_DESKTOP_FILE_PID = 9184
# environment
_ = /usr/share/code/code
# environment
LC_PAPER = fr_FR.UTF-8
# environment
XDG_RUNTIME_DIR = /run/user/1000
# environment
JOURNAL_STREAM = 8:27124
# environment
GOMODCACHE = /home/nishyda/go/pkg/mod
# environment
XDG_SESSION_CLASS = user
# environment
VSCODE_AMD_ENTRYPOINT = vs/workbench/api/node/extensionHostProcess
# environment
SDKMAN_CANDIDATES_API = https://api.sdkman.io/2
# environment
HOME = /home/nishyda
# environment
QT_IM_MODULE = ibus
# environment
ELECTRON_RUN_AS_NODE = 1
# environment
VSCODE_IPC_HOOK = /run/user/1000/vscode-5f03f72c-1.67.1-main.sock
# environment
IM_CONFIG_PHASE = 1
# environment
GOPROXY = https://proxy.golang.org,direct
# default
.RECIPEPREFIX := 
# automatic
<F = $(notdir $<)
# default
SUFFIXES := 
# environment
KOTLIN_HOME = /home/nishyda/.sdkman/candidates/kotlin/current
# default
.FEATURES := target-specific order-only second-expansion else-if shortest-stem undefine oneshell nocomment grouped-target extra-prereqs archives jobserver output-sync check-symlink load
# environment
XDG_MENU_PREFIX = gnome-
# environment
GDMSESSION = ubuntu
# environment
LC_IDENTIFICATION = fr_FR.UTF-8
# variable set hash-table stats:
 
# Load=133/1024=13%, Rehash=0, Collisions=8/194=4%

# Pattern-specific Variable Values

# No pattern-specific variable values.

# Directories

# . (device 66307, inode 7080582): 26 files, no impossibilities.

# 26 files, no impossibilities in 1 directories.

# Implicit Rules

# No implicit rules.

# Files

# Not a target:
Makefile:
#  Implicit rule search has been done.
#  Last modified 2022-05-01 17:08:20.036042902
#  File has been updated.
#  Successfully updated.

dep:
#  Phony target (prerequisite of .PHONY).
#  Implicit rule search has not been done.
#  File does not exist.
#  File has not been updated.
#  recipe to execute (from 'Makefile', line 130):
	go mod vendor
	go mod verify
	go mod tidy

build-debug:
#  Implicit rule search has not been done.
#  Modification time never checked.
#  File has not been updated.
#  recipe to execute (from 'Makefile', line 74):
	$(GO_OPTS) go build -gcflags="all=-N -l" -tags="$(PTR) cipher cxfx cxos http regexp" -o ./bin/cx github.com/skycoin/cx/cmd/cx
	chmod +x ./bin/cx

configure-workspace:
#  Implicit rule search has not been done.
#  Modification time never checked.
#  File has not been updated.
#  recipe to execute (from 'Makefile', line 120):
	mkdir -p $(CX_PATH)/src $(CX_PATH)/bin $(CX_PATH)/pkg
	@echo "NOTE:\tCX workspace at $(CX_PATH)"

clean:
#  Implicit rule search has not been done.
#  Modification time never checked.
#  File has not been updated.
#  recipe to execute (from 'Makefile', line 82):
	rm -r ./bin/cx

token-fuzzer:
#  Implicit rule search has not been done.
#  Modification time never checked.
#  File has not been updated.
#  recipe to execute (from 'Makefile', line 116):
	go build $(GO_OPTS) -o ./bin/cx-token-fuzzer $(PWD)/development/token-fuzzer/main.go
	chmod +x ./bin/cx-token-fuzzer

test-all:
#  Implicit rule search has not been done.
#  Modification time never checked.
#  File has not been updated.
#  recipe to execute (from 'Makefile', line 101):
	@echo "cx not found in $(PWD)/bin, please run make install first"

# Not a target:
.DEFAULT:
#  Implicit rule search has not been done.
#  Modification time never checked.
#  File has not been updated.

# Not a target:
all:
#  Command line target.
#  Implicit rule search has been done.
#  File does not exist.
#  File has not been updated.

help:
#  Implicit rule search has not been done.
#  Modification time never checked.
#  File has not been updated.
#  recipe to execute (from 'Makefile', line 135):
	@grep -E '^[a-zA-Z_-]+:.*?## .*$$' $(MAKEFILE_LIST) | awk 'BEGIN {FS = ":.*?## "}; {printf "\033[36m%-30s\033[0m %s\n", $$1, $$2}'

build-core:
#  Phony target (prerequisite of .PHONY).
#  Implicit rule search has not been done.
#  File does not exist.
#  File has not been updated.
#  recipe to execute (from 'Makefile', line 78):
	$(GO_OPTS) go build -tags="$(PTR) base" -o ./bin/cx github.com/skycoin/cx/cmd/cx
	chmod +x ./bin/cx

build:
#  Phony target (prerequisite of .PHONY).
#  Implicit rule search has not been done.
#  File does not exist.
#  File has not been updated.
#  recipe to execute (from 'Makefile', line 70):
	$(GO_OPTS) go build -tags="$(PTR) cipher cxfx cxos http regexp" -o ./bin/cx github.com/skycoin/cx/cmd/cx
	chmod +x ./bin/cx

build-parser:
#  Phony target (prerequisite of .PHONY).
#  Implicit rule search has not been done.
#  File does not exist.
#  File has not been updated.
#  recipe to execute (from 'Makefile', line 111):
	#go build -o ./bin/goyacc ./cmd/goyacc/main.go
	./bin/goyacc -o cxparser/cxpartialparsing/cxpartialparsing.go cxparser/cxpartialparsing/cxpartialparsing.y
	./bin/goyacc -o cxparser/cxparsingcompletor/parsingcompletor.go cxparser/cxparsingcompletor/parsingcompletor.y

test:
#  Phony target (prerequisite of .PHONY).
#  Implicit rule search has not been done.
#  File does not exist.
#  File has not been updated.
#  recipe to execute (from 'Makefile', line 92):
	@echo "cx not found in $(PWD)/bin, please run make install first"

test-parser: build-parser build test
#  Phony target (prerequisite of .PHONY).
#  Implicit rule search has not been done.
#  File does not exist.
#  File has not been updated.

build-goyacc:
#  Implicit rule search has not been done.
#  Modification time never checked.
#  File has not been updated.
#  recipe to execute (from 'Makefile', line 108):
	go build -o ./bin/goyacc ./cmd/goyacc/main.go

install: configure-workspace
#  Phony target (prerequisite of .PHONY).
#  Implicit rule search has not been done.
#  File does not exist.
#  File has not been updated.
#  recipe to execute (from 'Makefile', line 85):
	@echo 'NOTE:\tWe recommend you to test your CX installation by running "cx ./tests"'
	./bin/cx -v

format:
#  Implicit rule search has not been done.
#  Modification time never checked.
#  File has not been updated.
#  recipe to execute (from 'Makefile', line 124):
	goimports -w -local github.com/skycoin/cx ./cmd
	goimports -w -local github.com/skycoin/cx ./cx
	goimports -w -local github.com/skycoin/cx ./cxfx
	goimports -w -local github.com/skycoin/cx ./cxgo

.PHONY: build-parser build test test-parser build-core install dep
#  Implicit rule search has not been done.
#  Modification time never checked.
#  File has not been updated.

# files hash-table stats:
# Load=20/1024=2%, Rehash=0, Collisions=0/51=0%
# VPATH Search Paths

# No 'vpath' search paths.

# No general ('VPATH' variable) search path.

# strcache buffers: 1 (0) / strings = 47 / storage = 434 B / avg = 9 B
# current buf: size = 8162 B / used = 434 B / count = 47 / avg = 9 B

# strcache performance: lookups = 82 / hit rate = 42%
# hash-table stats:
# Load=47/8192=1%, Rehash=0, Collisions=0/82=0%
# Finished Make data base on Mon May 16 09:12:42 2022

 
